Determining if the pthread_create exist failed with the following output:
Change Dir: /home/cs18/Desktop/Homework/Assignment8/build/CMakeFiles/CMakeTmp

Run Build Command:"/usr/bin/make" "cmTC_6dec1/fast"
/usr/bin/make -f CMakeFiles/cmTC_6dec1.dir/build.make CMakeFiles/cmTC_6dec1.dir/build
make[1]: Entering directory '/home/cs18/Desktop/Homework/Assignment8/build/CMakeFiles/CMakeTmp'
Building C object CMakeFiles/cmTC_6dec1.dir/CheckSymbolExists.c.o
/usr/bin/cc    -o CMakeFiles/cmTC_6dec1.dir/CheckSymbolExists.c.o   -c /home/cs18/Desktop/Homework/Assignment8/build/CMakeFiles/CMakeTmp/CheckSymbolExists.c
Linking C executable cmTC_6dec1
/usr/bin/cmake -E cmake_link_script CMakeFiles/cmTC_6dec1.dir/link.txt --verbose=1
/usr/bin/cc      -rdynamic CMakeFiles/cmTC_6dec1.dir/CheckSymbolExists.c.o  -o cmTC_6dec1 
CMakeFiles/cmTC_6dec1.dir/CheckSymbolExists.c.o: In function `main':
CheckSymbolExists.c:(.text+0x1b): undefined reference to `pthread_create'
collect2: error: ld returned 1 exit status
CMakeFiles/cmTC_6dec1.dir/build.make:97: recipe for target 'cmTC_6dec1' failed
make[1]: *** [cmTC_6dec1] Error 1
make[1]: Leaving directory '/home/cs18/Desktop/Homework/Assignment8/build/CMakeFiles/CMakeTmp'
Makefile:126: recipe for target 'cmTC_6dec1/fast' failed
make: *** [cmTC_6dec1/fast] Error 2

File /home/cs18/Desktop/Homework/Assignment8/build/CMakeFiles/CMakeTmp/CheckSymbolExists.c:
/* */
#include <pthread.h>

int main(int argc, char** argv)
{
  (void)argv;
#ifndef pthread_create
  return ((int*)(&pthread_create))[argc];
#else
  (void)argc;
  return 0;
#endif
}

Determining if the function pthread_create exists in the pthreads failed with the following output:
Change Dir: /home/cs18/Desktop/Homework/Assignment8/build/CMakeFiles/CMakeTmp

Run Build Command:"/usr/bin/make" "cmTC_6c4e9/fast"
/usr/bin/make -f CMakeFiles/cmTC_6c4e9.dir/build.make CMakeFiles/cmTC_6c4e9.dir/build
make[1]: Entering directory '/home/cs18/Desktop/Homework/Assignment8/build/CMakeFiles/CMakeTmp'
Building C object CMakeFiles/cmTC_6c4e9.dir/CheckFunctionExists.c.o
/usr/bin/cc   -DCHECK_FUNCTION_EXISTS=pthread_create   -o CMakeFiles/cmTC_6c4e9.dir/CheckFunctionExists.c.o   -c /usr/share/cmake-3.10/Modules/CheckFunctionExists.c
Linking C executable cmTC_6c4e9
/usr/bin/cmake -E cmake_link_script CMakeFiles/cmTC_6c4e9.dir/link.txt --verbose=1
/usr/bin/cc  -DCHECK_FUNCTION_EXISTS=pthread_create    -rdynamic CMakeFiles/cmTC_6c4e9.dir/CheckFunctionExists.c.o  -o cmTC_6c4e9 -lpthreads 
/usr/bin/ld: cannot find -lpthreads
collect2: error: ld returned 1 exit status
CMakeFiles/cmTC_6c4e9.dir/build.make:97: recipe for target 'cmTC_6c4e9' failed
make[1]: *** [cmTC_6c4e9] Error 1
make[1]: Leaving directory '/home/cs18/Desktop/Homework/Assignment8/build/CMakeFiles/CMakeTmp'
Makefile:126: recipe for target 'cmTC_6c4e9/fast' failed
make: *** [cmTC_6c4e9/fast] Error 2


Determining if the function glXGetProcAddressEXT exists failed with the following output:
Change Dir: /home/cs18/Desktop/Homework/Assignment8/build/CMakeFiles/CMakeTmp

Run Build Command:"/usr/bin/make" "cmTC_fb591/fast"
/usr/bin/make -f CMakeFiles/cmTC_fb591.dir/build.make CMakeFiles/cmTC_fb591.dir/build
make[1]: Entering directory '/home/cs18/Desktop/Homework/Assignment8/build/CMakeFiles/CMakeTmp'
Building C object CMakeFiles/cmTC_fb591.dir/CheckFunctionExists.c.o
/usr/bin/cc   -DCHECK_FUNCTION_EXISTS=glXGetProcAddressEXT   -o CMakeFiles/cmTC_fb591.dir/CheckFunctionExists.c.o   -c /usr/share/cmake-3.10/Modules/CheckFunctionExists.c
Linking C executable cmTC_fb591
/usr/bin/cmake -E cmake_link_script CMakeFiles/cmTC_fb591.dir/link.txt --verbose=1
/usr/bin/cc  -DCHECK_FUNCTION_EXISTS=glXGetProcAddressEXT    -rdynamic CMakeFiles/cmTC_fb591.dir/CheckFunctionExists.c.o  -o cmTC_fb591 /usr/lib/x86_64-linux-gnu/libGL.so 
CMakeFiles/cmTC_fb591.dir/CheckFunctionExists.c.o: In function `main':
CheckFunctionExists.c:(.text+0x10): undefined reference to `glXGetProcAddressEXT'
collect2: error: ld returned 1 exit status
CMakeFiles/cmTC_fb591.dir/build.make:98: recipe for target 'cmTC_fb591' failed
make[1]: *** [cmTC_fb591] Error 1
make[1]: Leaving directory '/home/cs18/Desktop/Homework/Assignment8/build/CMakeFiles/CMakeTmp'
Makefile:126: recipe for target 'cmTC_fb591/fast' failed
make: *** [cmTC_fb591/fast] Error 2


